<?xml version="1.0" encoding="UTF-8"?>
<testsuites name="TS-Orders" time="3.35" tests="1" failures="0" errors="0">
   <testsuite name="TS-Orders" tests="1" failures="0" errors="0" time="3.35" skipped="0" timestamp="18-12-2024T12:29:00" hostname="mahtabsiddique - localhost" id="Test Suites/TS-Orders">
      <properties>
         <property name="deviceName" value=""/>
         <property name="devicePlatform"/>
         <property name="logFolder" value="/Users/mahtabsiddique/git/api-sample-tests/Reports/20241218_122848/TS-Orders/20241218_122856"/>
         <property name="logFiles" value="/Users/mahtabsiddique/git/api-sample-tests/Reports/20241218_122848/TS-Orders/20241218_122856/execution0.log"/>
         <property name="attachments" value=""/>
         <property name="hostName" value="mahtabsiddique - localhost"/>
         <property name="hostAddress" value="127.0.0.1"/>
         <property name="os" value="Mac OS X 64bit"/>
         <property name="katalonVersion" value="10.0.0.223"/>
      </properties>
      <testcase name="Test Cases/Swagger/TV-Find-OrderByID" time="3.067" classname="Test Cases/Swagger/TV-Find-OrderByID" status="PASSED">
         <system-out><![CDATA[18-12-2024T12:29:00 - [TEST_CASE][PASSED] - Test Cases/Swagger/TV-Find-OrderByID: Test Cases/Swagger/TV-Find-OrderByID

18-12-2024T12:29:01 - [TEST_STEP][PASSED] - sendRequest(findTestObject("Swagger Petstore/getOrderById")): Send request successfully

18-12-2024T12:29:03 - [MESSAGE][INFO] - HAR: /Users/mahtabsiddique/git/api-sample-tests/Reports/20241218_122848/TS-Orders/20241218_122856/requests/main/0.har

18-12-2024T12:29:03 - [MESSAGE][PASSED] - Send request successfully]]></system-out>
         <system-err><![CDATA[]]></system-err>
      </testcase>
      <system-out><![CDATA[18-12-2024T12:29:00 - [TEST_SUITE][PASSED] - TS-Orders: Test Cases/Swagger/TV-Find-OrderByID]]></system-out>
      <system-err><![CDATA[]]></system-err>
   </testsuite>
</testsuites>
